<?xml version="1.0" encoding="UTF-8"?>
<!-- Generated by org.testng.reporters.JUnitReportReporter -->
<testsuite hostname="DESKTOP-FTBSBLI" name="com.testng.day4" tests="3" failures="0" timestamp="10 Dec 2020 06:25:20 GMT" time="0.014" errors="0">
  <testcase name="mobileLoginHomeLoan" time="0.005" classname="com.testng.day4"/>
  <testcase name="loginApiHomeLoan" time="0.005" classname="com.testng.day4"/>
  <testcase name="webLoginHomeLoan" time="0.004" classname="com.testng.day4"/>
</testsuite> <!-- com.testng.day4 -->
