<?xml version="1.0" encoding="UTF-8"?>
<!-- Generated by org.testng.reporters.JUnitReportReporter -->
<testsuite hostname="DESKTOP-FTBSBLI" name="com.facebook_TestCases.Tc1_FbLoginTest101" tests="1" failures="0" timestamp="10 Sep 2020 15:02:44 GMT" time="56.375" errors="0">
  <testcase name="loginTest" time="56.375" classname="com.facebook_TestCases.Tc1_FbLoginTest101"/>
</testsuite> <!-- com.facebook_TestCases.Tc1_FbLoginTest101 -->
