<?xml version="1.0" encoding="UTF-8"?>
<!-- Generated by org.testng.reporters.JUnitReportReporter -->
<testsuite hostname="DESKTOP-FTBSBLI" name="com.demo.DEC2020.TestngDemo" tests="3" failures="0" timestamp="6 Dec 2020 04:50:30 GMT" time="0.043" errors="0">
  <testcase name="demo4" time="0.008" classname="com.demo.DEC2020.TestngDemo"/>
  <testcase name="demo2" time="0.000" classname="com.demo.DEC2020.TestngDemo"/>
  <testcase name="demo" time="0.035" classname="com.demo.DEC2020.TestngDemo"/>
</testsuite> <!-- com.demo.DEC2020.TestngDemo -->
