<?xml version="1.0" encoding="UTF-8"?>
<!-- Generated by org.testng.reporters.JUnitReportReporter -->
<testsuite hostname="DESKTOP-FTBSBLI" name="com.demo.DEC2020.Aiims_Registration" tests="1" failures="0" timestamp="8 Dec 2020 05:27:05 GMT" time="8.820" errors="0">
  <testcase name="operation" time="8.820" classname="com.demo.DEC2020.Aiims_Registration"/>
</testsuite> <!-- com.demo.DEC2020.Aiims_Registration -->
