<?xml version="1.0" encoding="UTF-8"?>
<!-- Generated by org.testng.reporters.JUnitReportReporter -->
<testsuite hostname="DESKTOP-FTBSBLI" name="com.demo.DEC2020.WebdriverManager_Demo2" tests="1" failures="0" timestamp="6 Dec 2020 05:06:12 GMT" time="65.675" errors="0">
  <testcase name="openBrowser" time="65.675" classname="com.demo.DEC2020.WebdriverManager_Demo2"/>
</testsuite> <!-- com.demo.DEC2020.WebdriverManager_Demo2 -->
