<?xml version="1.0" encoding="UTF-8"?>
<!-- Generated by org.testng.reporters.JUnitReportReporter -->
<testsuite hostname="DESKTOP-FTBSBLI" name="com.testng.Basics_day1" tests="1" failures="0" timestamp="10 Dec 2020 06:25:20 GMT" time="0.018" errors="0">
  <testcase name="demoTest2" time="0.018" classname="com.testng.Basics_day1"/>
</testsuite> <!-- com.testng.Basics_day1 -->
