<?xml version="1.0" encoding="UTF-8"?>
<!-- Generated by org.testng.reporters.JUnitReportReporter -->
<testsuite hostname="DESKTOP-FTBSBLI" name="com.testng.day2" tests="2" failures="0" timestamp="10 Dec 2020 06:25:20 GMT" time="0.009" errors="0">
  <testcase name="loanTest" time="0.006" classname="com.testng.day2"/>
  <testcase name="smoke2" time="0.003" classname="com.testng.day2"/>
</testsuite> <!-- com.testng.day2 -->
