<?xml version="1.0" encoding="UTF-8"?>
<!-- Generated by org.testng.reporters.JUnitReportReporter -->
<testsuite hostname="DESKTOP-FTBSBLI" name="com.interviewquestions.automation.FramesDemo" tests="1" failures="0" timestamp="9 Oct 2020 03:03:01 GMT" time="23.881" errors="0">
  <testcase name="testFrame" time="23.881" classname="com.interviewquestions.automation.FramesDemo"/>
</testsuite> <!-- com.interviewquestions.automation.FramesDemo -->
